0 info it worked if it ends with ok
1 verbose cli [ 'node', '/usr/local/bin/npm', 'publish' ]
2 info using npm@2.7.3
3 info using node@v0.12.1
4 verbose node symlink /usr/local/bin/node
5 verbose publish [ '.' ]
6 silly cache add args [ '.', null ]
7 verbose cache add spec .
8 silly cache add parsed spec { raw: '.',
8 silly cache add   scope: null,
8 silly cache add   name: null,
8 silly cache add   rawSpec: '.',
8 silly cache add   spec: '/Users/stephen/workspace/form-validator-es6',
8 silly cache add   type: 'directory' }
9 verbose addLocalDirectory /Users/stephen/.npm/storyboarder/1.0.3/package.tgz not in flight; packing
10 verbose tar pack [ '/Users/stephen/.npm/storyboarder/1.0.3/package.tgz',
10 verbose tar pack   '/Users/stephen/workspace/form-validator-es6' ]
11 verbose tarball /Users/stephen/.npm/storyboarder/1.0.3/package.tgz
12 verbose folder /Users/stephen/workspace/form-validator-es6
13 info prepublish storyboarder@1.0.3
14 verbose unsafe-perm in lifecycle true
15 verbose addLocalTarball adding from inside cache /Users/stephen/.npm/storyboarder/1.0.3/package.tgz
16 silly cache afterAdd storyboarder@1.0.3
17 verbose afterAdd /Users/stephen/.npm/storyboarder/1.0.3/package/package.json not in flight; writing
18 verbose afterAdd /Users/stephen/.npm/storyboarder/1.0.3/package/package.json written
19 silly publish { name: 'storyboarder',
19 silly publish   version: '1.0.3',
19 silly publish   description: 'A simple multi-panel user flow manager baked with simple form field validation and reporting',
19 silly publish   main: 'index.js',
19 silly publish   directories: { lib: 'storyboarder' },
19 silly publish   scripts:
19 silly publish    { test: 'gulp karma',
19 silly publish      lint: 'gulp lint',
19 silly publish      build: 'gulp production',
19 silly publish      prepublish: 'gulp production',
19 silly publish      prebuild: 'npm run lint',
19 silly publish      clean: 'rm -r dist/*',
19 silly publish      start: 'gulp',
19 silly publish      watch: 'gulp' },
19 silly publish   repository:
19 silly publish    { type: 'git',
19 silly publish      url: 'https://github.com/omadahealth/form-validator-es6.git' },
19 silly publish   author:
19 silly publish    { name: 'Stephen Standridge',
19 silly publish      email: 'stephen@formisfunction.io',
19 silly publish      url: 'www.formisfunction.io' },
19 silly publish   license: 'ISC',
19 silly publish   bugs: { url: 'https://github.com/omadahealth/form-validator-es6/issues' },
19 silly publish   homepage: 'https://github.com/omadahealth/form-validator-es6',
19 silly publish   devDependencies:
19 silly publish    { babel: '^5.8.21',
19 silly publish      browserify: '^11.1.0',
19 silly publish      chai: '^3.2.0',
19 silly publish      'chai-jquery': '^2.0.0',
19 silly publish      gulp: '^3.9.0',
19 silly publish      'gulp-babel': '^5.2.0',
19 silly publish      'gulp-concat': '^2.6.0',
19 silly publish      'gulp-filesize': '0.0.6',
19 silly publish      'gulp-jshint': '^1.11.2',
19 silly publish      'gulp-rename': '^1.2.2',
19 silly publish      'gulp-sourcemaps': '^1.5.2',
19 silly publish      'gulp-uglify': '^1.2.0',
19 silly publish      'gulp-watch': '^4.3.5',
19 silly publish      jquery: '^2.1.4',
19 silly publish      'jshint-stylish': '^2.0.1',
19 silly publish      karma: '^0.13.9',
19 silly publish      'karma-chai-jquery': '^1.0.0',
19 silly publish      'karma-chrome-launcher': '^0.2.0',
19 silly publish      'karma-fixture': '^0.2.5',
19 silly publish      'karma-html-reporter': '^0.2.6',
19 silly publish      'karma-html2js-preprocessor': '^0.1.0',
19 silly publish      'karma-jquery': '^0.1.0',
19 silly publish      'karma-json-fixtures-preprocessor': '0.0.5',
19 silly publish      'karma-mocha': '^0.2.0',
19 silly publish      'karma-nyan-reporter': '^0.2.2',
19 silly publish      'karma-phantomjs-launcher': '^0.2.1',
19 silly publish      'karma-sinon-chai': '^1.0.0',
19 silly publish      mocha: '^2.2.5',
19 silly publish      'node-notifier': '^4.2.3',
19 silly publish      phantomjs: '^1.9.18',
19 silly publish      'require-dir': '^0.3.0',
19 silly publish      sinon: '^1.15.4',
19 silly publish      'sinon-chai': '^2.8.0',
19 silly publish      yargs: '^3.24.0' },
19 silly publish   dependencies: { jquery: '^1.8.3' },
19 silly publish   gitHead: '0f4c797fb3fe8ef25b82eafc0274435c746b4ba2',
19 silly publish   readme: '# form-validator-es6\n',
19 silly publish   readmeFilename: 'README.md',
19 silly publish   _id: 'storyboarder@1.0.3',
19 silly publish   _shasum: '81d7d61b68919c858e6987e4993efef22a1c1bf1',
19 silly publish   _from: '.' }
20 silly mapToRegistry name storyboarder
21 silly mapToRegistry using default registry
22 silly mapToRegistry registry https://registry.npmjs.org/
23 silly mapToRegistry uri https://registry.npmjs.org/storyboarder
24 verbose publish registryBase https://registry.npmjs.org/
25 silly publish uploading /Users/stephen/.npm/storyboarder/1.0.3/package.tgz
26 verbose request uri https://registry.npmjs.org/storyboarder
27 verbose request sending authorization for write operation
28 info attempt registry request try #1 at 13:41:38
29 verbose request using bearer token for auth
30 verbose request id 3832601ba32d2ff9
31 http request PUT https://registry.npmjs.org/storyboarder
32 http 403 https://registry.npmjs.org/storyboarder
33 verbose headers { 'content-type': 'application/json',
33 verbose headers   'cache-control': 'max-age=60',
33 verbose headers   'content-length': '95',
33 verbose headers   'accept-ranges': 'bytes',
33 verbose headers   date: 'Tue, 15 Sep 2015 20:41:38 GMT',
33 verbose headers   via: '1.1 varnish',
33 verbose headers   connection: 'keep-alive',
33 verbose headers   'x-served-by': 'cache-sjc3125-SJC',
33 verbose headers   'x-cache': 'MISS',
33 verbose headers   'x-cache-hits': '0',
33 verbose headers   'x-timer': 'S1442349698.691261,VS0,VE213' }
34 verbose request invalidating /Users/stephen/.npm/registry.npmjs.org/storyboarder on PUT
35 error publish Failed PUT 403
36 verbose stack Error: "You cannot publish over the previously published version 1.0.3." : storyboarder
36 verbose stack     at CachingRegistryClient.<anonymous> (/usr/local/lib/node_modules/npm/node_modules/npm-registry-client/lib/request.js:254:14)
36 verbose stack     at Request._callback (/usr/local/lib/node_modules/npm/node_modules/npm-registry-client/lib/request.js:178:14)
36 verbose stack     at Request.self.callback (/usr/local/lib/node_modules/npm/node_modules/request/request.js:344:22)
36 verbose stack     at Request.emit (events.js:110:17)
36 verbose stack     at Request.<anonymous> (/usr/local/lib/node_modules/npm/node_modules/request/request.js:1239:14)
36 verbose stack     at Request.emit (events.js:129:20)
36 verbose stack     at IncomingMessage.<anonymous> (/usr/local/lib/node_modules/npm/node_modules/request/request.js:1187:12)
36 verbose stack     at IncomingMessage.emit (events.js:129:20)
36 verbose stack     at _stream_readable.js:908:16
36 verbose stack     at process._tickCallback (node.js:355:11)
37 verbose statusCode 403
38 verbose pkgid storyboarder
39 verbose cwd /Users/stephen/workspace/form-validator-es6
40 error Darwin 14.4.0
41 error argv "node" "/usr/local/bin/npm" "publish"
42 error node v0.12.1
43 error npm  v2.7.3
44 error code E403
45 error "You cannot publish over the previously published version 1.0.3." : storyboarder
46 error If you need help, you may report this error at:
46 error     <https://github.com/npm/npm/issues>
47 verbose exit [ 1, true ]
